<?xml version="1.0" encoding="UTF-8"?>
<testsuite xmlns:xsi="http://www.w3.org/2001/XMLSchema-instance" xsi:noNamespaceSchemaLocation="https://maven.apache.org/surefire/maven-surefire-plugin/xsd/surefire-test-report.xsd" name="usecases.ManageCurriculaTest" time="0.317" tests="8" errors="0" skipped="0" failures="0">
  <properties>
    <property name="sun.desktop" value="gnome"/>
    <property name="awt.toolkit" value="sun.awt.X11.XToolkit"/>
    <property name="file.encoding.pkg" value="sun.io"/>
    <property name="java.specification.version" value="1.8"/>
    <property name="sun.cpu.isalist" value=""/>
    <property name="sun.jnu.encoding" value="UTF-8"/>
    <property name="java.class.path" value="/home/victor/Developer/DP-Repositorios/DP II/D03-Performance-testing/Acme-Hacker-Rank/target/test-classes:/home/victor/Developer/DP-Repositorios/DP II/D03-Performance-testing/Acme-Hacker-Rank/target/classes:/home/victor/.m2/repository/com/itextpdf/itextpdf/5.0.6/itextpdf-5.0.6.jar:/home/victor/.m2/repository/org/bouncycastle/bcmail-jdk14/1.38/bcmail-jdk14-1.38.jar:/home/victor/.m2/repository/org/bouncycastle/bcprov-jdk14/1.38/bcprov-jdk14-1.38.jar:/home/victor/.m2/repository/org/bouncycastle/bctsp-jdk14/1.38/bctsp-jdk14-1.38.jar:/home/victor/.m2/repository/org/springframework/spring-context/4.0.0.RELEASE/spring-context-4.0.0.RELEASE.jar:/home/victor/.m2/repository/org/springframework/spring-aop/4.0.0.RELEASE/spring-aop-4.0.0.RELEASE.jar:/home/victor/.m2/repository/org/springframework/spring-beans/4.0.0.RELEASE/spring-beans-4.0.0.RELEASE.jar:/home/victor/.m2/repository/org/springframework/spring-core/4.0.0.RELEASE/spring-core-4.0.0.RELEASE.jar:/home/victor/.m2/repository/commons-logging/commons-logging/1.1.1/commons-logging-1.1.1.jar:/home/victor/.m2/repository/org/springframework/spring-expression/4.0.0.RELEASE/spring-expression-4.0.0.RELEASE.jar:/home/victor/.m2/repository/org/springframework/spring-webmvc/4.0.0.RELEASE/spring-webmvc-4.0.0.RELEASE.jar:/home/victor/.m2/repository/org/springframework/spring-web/4.0.0.RELEASE/spring-web-4.0.0.RELEASE.jar:/home/victor/.m2/repository/org/springframework/spring-orm/4.0.0.RELEASE/spring-orm-4.0.0.RELEASE.jar:/home/victor/.m2/repository/aopalliance/aopalliance/1.0/aopalliance-1.0.jar:/home/victor/.m2/repository/org/springframework/spring-jdbc/4.0.0.RELEASE/spring-jdbc-4.0.0.RELEASE.jar:/home/victor/.m2/repository/org/springframework/spring-tx/4.0.0.RELEASE/spring-tx-4.0.0.RELEASE.jar:/home/victor/.m2/repository/org/springframework/spring-aspects/4.0.0.RELEASE/spring-aspects-4.0.0.RELEASE.jar:/home/victor/.m2/repository/org/springframework/spring-context-support/4.0.0.RELEASE/spring-context-support-4.0.0.RELEASE.jar:/home/victor/.m2/repository/org/springframework/data/spring-data-jpa/1.4.3.RELEASE/spring-data-jpa-1.4.3.RELEASE.jar:/home/victor/.m2/repository/org/springframework/data/spring-data-commons/1.6.3.RELEASE/spring-data-commons-1.6.3.RELEASE.jar:/home/victor/.m2/repository/org/aspectj/aspectjrt/1.7.2/aspectjrt-1.7.2.jar:/home/victor/.m2/repository/org/slf4j/slf4j-api/1.7.1/slf4j-api-1.7.1.jar:/home/victor/.m2/repository/org/slf4j/jcl-over-slf4j/1.7.1/jcl-over-slf4j-1.7.1.jar:/home/victor/.m2/repository/org/springframework/security/spring-security-web/3.2.0.RELEASE/spring-security-web-3.2.0.RELEASE.jar:/home/victor/.m2/repository/org/springframework/security/spring-security-core/3.2.0.RELEASE/spring-security-core-3.2.0.RELEASE.jar:/home/victor/.m2/repository/org/springframework/security/spring-security-config/3.2.0.RELEASE/spring-security-config-3.2.0.RELEASE.jar:/home/victor/.m2/repository/org/springframework/security/spring-security-taglibs/3.2.0.RELEASE/spring-security-taglibs-3.2.0.RELEASE.jar:/home/victor/.m2/repository/org/springframework/security/spring-security-acl/3.2.0.RELEASE/spring-security-acl-3.2.0.RELEASE.jar:/home/victor/.m2/repository/org/springframework/spring-test/3.2.4.RELEASE/spring-test-3.2.4.RELEASE.jar:/home/victor/.m2/repository/org/apache/tiles/tiles-core/2.2.2/tiles-core-2.2.2.jar:/home/victor/.m2/repository/org/apache/tiles/tiles-api/2.2.2/tiles-api-2.2.2.jar:/home/victor/.m2/repository/commons-digester/commons-digester/2.0/commons-digester-2.0.jar:/home/victor/.m2/repository/org/apache/tiles/tiles-servlet/2.2.2/tiles-servlet-2.2.2.jar:/home/victor/.m2/repository/org/apache/tiles/tiles-jsp/2.2.2/tiles-jsp-2.2.2.jar:/home/victor/.m2/repository/org/apache/tiles/tiles-template/2.2.2/tiles-template-2.2.2.jar:/home/victor/.m2/repository/mysql/mysql-connector-java/5.1.45/mysql-connector-java-5.1.45.jar:/home/victor/.m2/repository/org/hibernate/hibernate-entitymanager/4.3.6.Final/hibernate-entitymanager-4.3.6.Final.jar:/home/victor/.m2/repository/org/jboss/logging/jboss-logging/3.1.3.GA/jboss-logging-3.1.3.GA.jar:/home/victor/.m2/repository/org/jboss/logging/jboss-logging-annotations/1.2.0.Beta1/jboss-logging-annotations-1.2.0.Beta1.jar:/home/victor/.m2/repository/org/hibernate/hibernate-core/4.3.6.Final/hibernate-core-4.3.6.Final.jar:/home/victor/.m2/repository/antlr/antlr/2.7.7/antlr-2.7.7.jar:/home/victor/.m2/repository/org/jboss/jandex/1.1.0.Final/jandex-1.1.0.Final.jar:/home/victor/.m2/repository/dom4j/dom4j/1.6.1/dom4j-1.6.1.jar:/home/victor/.m2/repository/xml-apis/xml-apis/1.0.b2/xml-apis-1.0.b2.jar:/home/victor/.m2/repository/org/hibernate/common/hibernate-commons-annotations/4.0.5.Final/hibernate-commons-annotations-4.0.5.Final.jar:/home/victor/.m2/repository/org/hibernate/javax/persistence/hibernate-jpa-2.1-api/1.0.0.Final/hibernate-jpa-2.1-api-1.0.0.Final.jar:/home/victor/.m2/repository/org/jboss/spec/javax/transaction/jboss-transaction-api_1.2_spec/1.0.0.Final/jboss-transaction-api_1.2_spec-1.0.0.Final.jar:/home/victor/.m2/repository/org/javassist/javassist/3.18.1-GA/javassist-3.18.1-GA.jar:/home/victor/.m2/repository/org/hibernate/hibernate-validator/4.3.1.Final/hibernate-validator-4.3.1.Final.jar:/home/victor/.m2/repository/javax/validation/validation-api/1.0.0.GA/validation-api-1.0.0.GA.jar:/home/victor/.m2/repository/org/hibernate/hibernate-c3p0/4.2.3.Final/hibernate-c3p0-4.2.3.Final.jar:/home/victor/.m2/repository/com/mchange/c3p0/0.9.2.1/c3p0-0.9.2.1.jar:/home/victor/.m2/repository/com/mchange/mchange-commons-java/0.2.3.4/mchange-commons-java-0.2.3.4.jar:/home/victor/.m2/repository/javax/servlet/servlet-api/2.5/servlet-api-2.5.jar:/home/victor/.m2/repository/javax/servlet/jsp/jsp-api/2.0/jsp-api-2.0.jar:/home/victor/.m2/repository/javax/servlet/jstl/1.2/jstl-1.2.jar:/home/victor/.m2/repository/displaytag/displaytag/1.2/displaytag-1.2.jar:/home/victor/.m2/repository/commons-collections/commons-collections/3.1/commons-collections-3.1.jar:/home/victor/.m2/repository/commons-lang/commons-lang/2.3/commons-lang-2.3.jar:/home/victor/.m2/repository/com/lowagie/itext/1.3/itext-1.3.jar:/home/victor/.m2/repository/commons-beanutils/commons-beanutils/1.7.0/commons-beanutils-1.7.0.jar:/home/victor/.m2/repository/org/slf4j/jcl104-over-slf4j/1.4.2/jcl104-over-slf4j-1.4.2.jar:/home/victor/.m2/repository/taglibs/standard/1.1.2/standard-1.1.2.jar:/home/victor/.m2/repository/junit/junit/4.11/junit-4.11.jar:/home/victor/.m2/repository/org/mockito/mockito-all/1.9.5/mockito-all-1.9.5.jar:/home/victor/.m2/repository/org/hamcrest/hamcrest-core/1.3/hamcrest-core-1.3.jar:/home/victor/.m2/repository/org/hamcrest/hamcrest-library/1.3/hamcrest-library-1.3.jar:/home/victor/.m2/repository/joda-time/joda-time/2.2/joda-time-2.2.jar:/home/victor/.m2/repository/org/slf4j/slf4j-log4j12/1.7.5/slf4j-log4j12-1.7.5.jar:/home/victor/.m2/repository/log4j/log4j/1.2.17/log4j-1.2.17.jar:/home/victor/.m2/repository/org/aspectj/aspectjweaver/1.7.4/aspectjweaver-1.7.4.jar:/home/victor/.m2/repository/be/ceau/chart/2.3.1/chart-2.3.1.jar:/home/victor/.m2/repository/com/fasterxml/jackson/core/jackson-databind/2.8.9/jackson-databind-2.8.9.jar:/home/victor/.m2/repository/com/fasterxml/jackson/core/jackson-annotations/2.8.0/jackson-annotations-2.8.0.jar:/home/victor/.m2/repository/com/fasterxml/jackson/core/jackson-core/2.8.9/jackson-core-2.8.9.jar:"/>
    <property name="java.vm.vendor" value="Oracle Corporation"/>
    <property name="sun.arch.data.model" value="64"/>
    <property name="java.vendor.url" value="http://java.oracle.com/"/>
    <property name="user.timezone" value=""/>
    <property name="java.vm.specification.version" value="1.8"/>
    <property name="os.name" value="Linux"/>
    <property name="user.country" value="US"/>
    <property name="sun.java.launcher" value="SUN_STANDARD"/>
    <property name="sun.boot.library.path" value="/usr/lib/jvm/java-8-oracle/jre/lib/amd64"/>
    <property name="sun.java.command" value="/home/victor/Developer/DP-Repositorios/DP II/D03-Performance-testing/Acme-Hacker-Rank/target/surefire/surefirebooter5883709053476451378.jar /home/victor/Developer/DP-Repositorios/DP II/D03-Performance-testing/Acme-Hacker-Rank/target/surefire 2019-04-25T10-59-50_746-jvmRun1 surefire605188434433799289tmp surefire_08062516681529066389tmp"/>
    <property name="surefire.test.class.path" value="/home/victor/Developer/DP-Repositorios/DP II/D03-Performance-testing/Acme-Hacker-Rank/target/test-classes:/home/victor/Developer/DP-Repositorios/DP II/D03-Performance-testing/Acme-Hacker-Rank/target/classes:/home/victor/.m2/repository/com/itextpdf/itextpdf/5.0.6/itextpdf-5.0.6.jar:/home/victor/.m2/repository/org/bouncycastle/bcmail-jdk14/1.38/bcmail-jdk14-1.38.jar:/home/victor/.m2/repository/org/bouncycastle/bcprov-jdk14/1.38/bcprov-jdk14-1.38.jar:/home/victor/.m2/repository/org/bouncycastle/bctsp-jdk14/1.38/bctsp-jdk14-1.38.jar:/home/victor/.m2/repository/org/springframework/spring-context/4.0.0.RELEASE/spring-context-4.0.0.RELEASE.jar:/home/victor/.m2/repository/org/springframework/spring-aop/4.0.0.RELEASE/spring-aop-4.0.0.RELEASE.jar:/home/victor/.m2/repository/org/springframework/spring-beans/4.0.0.RELEASE/spring-beans-4.0.0.RELEASE.jar:/home/victor/.m2/repository/org/springframework/spring-core/4.0.0.RELEASE/spring-core-4.0.0.RELEASE.jar:/home/victor/.m2/repository/commons-logging/commons-logging/1.1.1/commons-logging-1.1.1.jar:/home/victor/.m2/repository/org/springframework/spring-expression/4.0.0.RELEASE/spring-expression-4.0.0.RELEASE.jar:/home/victor/.m2/repository/org/springframework/spring-webmvc/4.0.0.RELEASE/spring-webmvc-4.0.0.RELEASE.jar:/home/victor/.m2/repository/org/springframework/spring-web/4.0.0.RELEASE/spring-web-4.0.0.RELEASE.jar:/home/victor/.m2/repository/org/springframework/spring-orm/4.0.0.RELEASE/spring-orm-4.0.0.RELEASE.jar:/home/victor/.m2/repository/aopalliance/aopalliance/1.0/aopalliance-1.0.jar:/home/victor/.m2/repository/org/springframework/spring-jdbc/4.0.0.RELEASE/spring-jdbc-4.0.0.RELEASE.jar:/home/victor/.m2/repository/org/springframework/spring-tx/4.0.0.RELEASE/spring-tx-4.0.0.RELEASE.jar:/home/victor/.m2/repository/org/springframework/spring-aspects/4.0.0.RELEASE/spring-aspects-4.0.0.RELEASE.jar:/home/victor/.m2/repository/org/springframework/spring-context-support/4.0.0.RELEASE/spring-context-support-4.0.0.RELEASE.jar:/home/victor/.m2/repository/org/springframework/data/spring-data-jpa/1.4.3.RELEASE/spring-data-jpa-1.4.3.RELEASE.jar:/home/victor/.m2/repository/org/springframework/data/spring-data-commons/1.6.3.RELEASE/spring-data-commons-1.6.3.RELEASE.jar:/home/victor/.m2/repository/org/aspectj/aspectjrt/1.7.2/aspectjrt-1.7.2.jar:/home/victor/.m2/repository/org/slf4j/slf4j-api/1.7.1/slf4j-api-1.7.1.jar:/home/victor/.m2/repository/org/slf4j/jcl-over-slf4j/1.7.1/jcl-over-slf4j-1.7.1.jar:/home/victor/.m2/repository/org/springframework/security/spring-security-web/3.2.0.RELEASE/spring-security-web-3.2.0.RELEASE.jar:/home/victor/.m2/repository/org/springframework/security/spring-security-core/3.2.0.RELEASE/spring-security-core-3.2.0.RELEASE.jar:/home/victor/.m2/repository/org/springframework/security/spring-security-config/3.2.0.RELEASE/spring-security-config-3.2.0.RELEASE.jar:/home/victor/.m2/repository/org/springframework/security/spring-security-taglibs/3.2.0.RELEASE/spring-security-taglibs-3.2.0.RELEASE.jar:/home/victor/.m2/repository/org/springframework/security/spring-security-acl/3.2.0.RELEASE/spring-security-acl-3.2.0.RELEASE.jar:/home/victor/.m2/repository/org/springframework/spring-test/3.2.4.RELEASE/spring-test-3.2.4.RELEASE.jar:/home/victor/.m2/repository/org/apache/tiles/tiles-core/2.2.2/tiles-core-2.2.2.jar:/home/victor/.m2/repository/org/apache/tiles/tiles-api/2.2.2/tiles-api-2.2.2.jar:/home/victor/.m2/repository/commons-digester/commons-digester/2.0/commons-digester-2.0.jar:/home/victor/.m2/repository/org/apache/tiles/tiles-servlet/2.2.2/tiles-servlet-2.2.2.jar:/home/victor/.m2/repository/org/apache/tiles/tiles-jsp/2.2.2/tiles-jsp-2.2.2.jar:/home/victor/.m2/repository/org/apache/tiles/tiles-template/2.2.2/tiles-template-2.2.2.jar:/home/victor/.m2/repository/mysql/mysql-connector-java/5.1.45/mysql-connector-java-5.1.45.jar:/home/victor/.m2/repository/org/hibernate/hibernate-entitymanager/4.3.6.Final/hibernate-entitymanager-4.3.6.Final.jar:/home/victor/.m2/repository/org/jboss/logging/jboss-logging/3.1.3.GA/jboss-logging-3.1.3.GA.jar:/home/victor/.m2/repository/org/jboss/logging/jboss-logging-annotations/1.2.0.Beta1/jboss-logging-annotations-1.2.0.Beta1.jar:/home/victor/.m2/repository/org/hibernate/hibernate-core/4.3.6.Final/hibernate-core-4.3.6.Final.jar:/home/victor/.m2/repository/antlr/antlr/2.7.7/antlr-2.7.7.jar:/home/victor/.m2/repository/org/jboss/jandex/1.1.0.Final/jandex-1.1.0.Final.jar:/home/victor/.m2/repository/dom4j/dom4j/1.6.1/dom4j-1.6.1.jar:/home/victor/.m2/repository/xml-apis/xml-apis/1.0.b2/xml-apis-1.0.b2.jar:/home/victor/.m2/repository/org/hibernate/common/hibernate-commons-annotations/4.0.5.Final/hibernate-commons-annotations-4.0.5.Final.jar:/home/victor/.m2/repository/org/hibernate/javax/persistence/hibernate-jpa-2.1-api/1.0.0.Final/hibernate-jpa-2.1-api-1.0.0.Final.jar:/home/victor/.m2/repository/org/jboss/spec/javax/transaction/jboss-transaction-api_1.2_spec/1.0.0.Final/jboss-transaction-api_1.2_spec-1.0.0.Final.jar:/home/victor/.m2/repository/org/javassist/javassist/3.18.1-GA/javassist-3.18.1-GA.jar:/home/victor/.m2/repository/org/hibernate/hibernate-validator/4.3.1.Final/hibernate-validator-4.3.1.Final.jar:/home/victor/.m2/repository/javax/validation/validation-api/1.0.0.GA/validation-api-1.0.0.GA.jar:/home/victor/.m2/repository/org/hibernate/hibernate-c3p0/4.2.3.Final/hibernate-c3p0-4.2.3.Final.jar:/home/victor/.m2/repository/com/mchange/c3p0/0.9.2.1/c3p0-0.9.2.1.jar:/home/victor/.m2/repository/com/mchange/mchange-commons-java/0.2.3.4/mchange-commons-java-0.2.3.4.jar:/home/victor/.m2/repository/javax/servlet/servlet-api/2.5/servlet-api-2.5.jar:/home/victor/.m2/repository/javax/servlet/jsp/jsp-api/2.0/jsp-api-2.0.jar:/home/victor/.m2/repository/javax/servlet/jstl/1.2/jstl-1.2.jar:/home/victor/.m2/repository/displaytag/displaytag/1.2/displaytag-1.2.jar:/home/victor/.m2/repository/commons-collections/commons-collections/3.1/commons-collections-3.1.jar:/home/victor/.m2/repository/commons-lang/commons-lang/2.3/commons-lang-2.3.jar:/home/victor/.m2/repository/com/lowagie/itext/1.3/itext-1.3.jar:/home/victor/.m2/repository/commons-beanutils/commons-beanutils/1.7.0/commons-beanutils-1.7.0.jar:/home/victor/.m2/repository/org/slf4j/jcl104-over-slf4j/1.4.2/jcl104-over-slf4j-1.4.2.jar:/home/victor/.m2/repository/taglibs/standard/1.1.2/standard-1.1.2.jar:/home/victor/.m2/repository/junit/junit/4.11/junit-4.11.jar:/home/victor/.m2/repository/org/mockito/mockito-all/1.9.5/mockito-all-1.9.5.jar:/home/victor/.m2/repository/org/hamcrest/hamcrest-core/1.3/hamcrest-core-1.3.jar:/home/victor/.m2/repository/org/hamcrest/hamcrest-library/1.3/hamcrest-library-1.3.jar:/home/victor/.m2/repository/joda-time/joda-time/2.2/joda-time-2.2.jar:/home/victor/.m2/repository/org/slf4j/slf4j-log4j12/1.7.5/slf4j-log4j12-1.7.5.jar:/home/victor/.m2/repository/log4j/log4j/1.2.17/log4j-1.2.17.jar:/home/victor/.m2/repository/org/aspectj/aspectjweaver/1.7.4/aspectjweaver-1.7.4.jar:/home/victor/.m2/repository/be/ceau/chart/2.3.1/chart-2.3.1.jar:/home/victor/.m2/repository/com/fasterxml/jackson/core/jackson-databind/2.8.9/jackson-databind-2.8.9.jar:/home/victor/.m2/repository/com/fasterxml/jackson/core/jackson-annotations/2.8.0/jackson-annotations-2.8.0.jar:/home/victor/.m2/repository/com/fasterxml/jackson/core/jackson-core/2.8.9/jackson-core-2.8.9.jar:"/>
    <property name="sun.cpu.endian" value="little"/>
    <property name="user.home" value="/home/victor"/>
    <property name="user.language" value="en"/>
    <property name="java.specification.vendor" value="Oracle Corporation"/>
    <property name="java.home" value="/usr/lib/jvm/java-8-oracle/jre"/>
    <property name="basedir" value="/home/victor/Developer/DP-Repositorios/DP II/D03-Performance-testing/Acme-Hacker-Rank"/>
    <property name="file.separator" value="/"/>
    <property name="line.separator" value="&#10;"/>
    <property name="java.vm.specification.vendor" value="Oracle Corporation"/>
    <property name="java.specification.name" value="Java Platform API Specification"/>
    <property name="java.awt.graphicsenv" value="sun.awt.X11GraphicsEnvironment"/>
    <property name="surefire.real.class.path" value="/home/victor/Developer/DP-Repositorios/DP II/D03-Performance-testing/Acme-Hacker-Rank/target/surefire/surefirebooter5883709053476451378.jar:/home/victor/.m2/repository/org/jacoco/org.jacoco.agent/0.7.5.201505241946/org.jacoco.agent-0.7.5.201505241946-runtime.jar"/>
    <property name="sun.boot.class.path" value="/usr/lib/jvm/java-8-oracle/jre/lib/resources.jar:/usr/lib/jvm/java-8-oracle/jre/lib/rt.jar:/usr/lib/jvm/java-8-oracle/jre/lib/sunrsasign.jar:/usr/lib/jvm/java-8-oracle/jre/lib/jsse.jar:/usr/lib/jvm/java-8-oracle/jre/lib/jce.jar:/usr/lib/jvm/java-8-oracle/jre/lib/charsets.jar:/usr/lib/jvm/java-8-oracle/jre/lib/jfr.jar:/usr/lib/jvm/java-8-oracle/jre/classes"/>
    <property name="sun.management.compiler" value="HotSpot 64-Bit Tiered Compilers"/>
    <property name="java.runtime.version" value="1.8.0_201-b09"/>
    <property name="user.name" value="victor"/>
    <property name="path.separator" value=":"/>
    <property name="os.version" value="4.4.0-146-generic"/>
    <property name="java.endorsed.dirs" value="/usr/lib/jvm/java-8-oracle/jre/lib/endorsed"/>
    <property name="java.runtime.name" value="Java(TM) SE Runtime Environment"/>
    <property name="file.encoding" value="UTF-8"/>
    <property name="java.vm.name" value="Java HotSpot(TM) 64-Bit Server VM"/>
    <property name="localRepository" value="/home/victor/.m2/repository"/>
    <property name="java.vendor.url.bug" value="http://bugreport.sun.com/bugreport/"/>
    <property name="java.io.tmpdir" value="/tmp"/>
    <property name="java.version" value="1.8.0_201"/>
    <property name="user.dir" value="/home/victor/Developer/DP-Repositorios/DP II/D03-Performance-testing/Acme-Hacker-Rank"/>
    <property name="os.arch" value="amd64"/>
    <property name="java.vm.specification.name" value="Java Virtual Machine Specification"/>
    <property name="java.awt.printerjob" value="sun.print.PSPrinterJob"/>
    <property name="sun.os.patch.level" value="unknown"/>
    <property name="java.library.path" value="/usr/java/packages/lib/amd64:/usr/lib64:/lib64:/lib:/usr/lib"/>
    <property name="java.vm.info" value="mixed mode"/>
    <property name="java.vendor" value="Oracle Corporation"/>
    <property name="java.vm.version" value="25.201-b09"/>
    <property name="java.ext.dirs" value="/usr/lib/jvm/java-8-oracle/jre/lib/ext:/usr/java/packages/lib/ext"/>
    <property name="sun.io.unicode.encoding" value="UnicodeLittle"/>
    <property name="java.class.version" value="52.0"/>
  </properties>
  <testcase name="driverCreateMiscellaneousData" classname="usecases.ManageCurriculaTest" time="0.052"/>
  <testcase name="driverDeletePositionData" classname="usecases.ManageCurriculaTest" time="0.04"/>
  <testcase name="driverCreate" classname="usecases.ManageCurriculaTest" time="0.042"/>
  <testcase name="driverPersonalData" classname="usecases.ManageCurriculaTest" time="0.05"/>
  <testcase name="driverDeleteEducationData" classname="usecases.ManageCurriculaTest" time="0.031"/>
  <testcase name="driverDeleteMiscellaneousData" classname="usecases.ManageCurriculaTest" time="0.03"/>
  <testcase name="driverCreatePositionData" classname="usecases.ManageCurriculaTest" time="0.036"/>
  <testcase name="driverCreateEducationData" classname="usecases.ManageCurriculaTest" time="0.036"/>
</testsuite>